<?xml version="1.0" encoding="UTF-8"?>
<!-- Generated by org.testng.reporters.JUnitReportReporter -->
<testsuite skipped="0" hostname="LAP0012" name="com.crm.qa.testcases.HomePageTest" tests="5" failures="0" timestamp="2019-11-06T15:49:47 PKT" time="95.728" errors="0">
  <testcase name="verifyhomepagetitleTest" time="17.128" classname="com.crm.qa.testcases.HomePageTest"/>
  <testcase name="verifyusernameTest" time="19.629" classname="com.crm.qa.testcases.HomePageTest"/>
  <testcase name="clickonContactsTest" time="20.883" classname="com.crm.qa.testcases.HomePageTest"/>
  <testcase name="clickonDealsTest" time="20.267" classname="com.crm.qa.testcases.HomePageTest"/>
  <testcase name="clickonTasksTest" time="17.821" classname="com.crm.qa.testcases.HomePageTest"/>
</testsuite> <!-- com.crm.qa.testcases.HomePageTest -->
