<?xml version="1.0" encoding="UTF-8"?>
<!-- Generated by org.testng.reporters.JUnitReportReporter -->
<testsuite skipped="0" hostname="LAP0012" name="com.crm.qa.testcases.LoginPageTest" tests="2" failures="0" timestamp="2019-11-06T15:49:47 PKT" time="43.888" errors="0">
  <testcase name="LoginPageTitle" time="18.519" classname="com.crm.qa.testcases.LoginPageTest"/>
  <testcase name="LoginTest" time="25.369" classname="com.crm.qa.testcases.LoginPageTest"/>
</testsuite> <!-- com.crm.qa.testcases.LoginPageTest -->
